[debug] [2024-09-28T19:02:09.286Z] ----------------------------------------------------------------------
[debug] [2024-09-28T19:02:09.288Z] Command:       C:\Program Files\nodejs\node.exe C:\Users\Mark\AppData\Roaming\npm\node_modules\firebase-tools\lib\bin\firebase.js init
[debug] [2024-09-28T19:02:09.289Z] CLI Version:   13.20.1
[debug] [2024-09-28T19:02:09.289Z] Platform:      win32
[debug] [2024-09-28T19:02:09.289Z] Node Version:  v20.11.1
[debug] [2024-09-28T19:02:09.289Z] Time:          Sat Sep 28 2024 15:02:09 GMT-0400 (Eastern Daylight Time)
[debug] [2024-09-28T19:02:09.289Z] ----------------------------------------------------------------------
[debug] 
[debug] [2024-09-28T19:02:09.295Z] > command requires scopes: ["email","openid","https://www.googleapis.com/auth/cloudplatformprojects.readonly","https://www.googleapis.com/auth/firebase","https://www.googleapis.com/auth/cloud-platform"]
[debug] [2024-09-28T19:02:09.295Z] > authorizing via signed-in user (bosco.markie@gmail.com)
[info] 
     ######## #### ########  ######## ########     ###     ######  ########
     ##        ##  ##     ## ##       ##     ##  ##   ##  ##       ##
     ######    ##  ########  ######   ########  #########  ######  ######
     ##        ##  ##    ##  ##       ##     ## ##     ##       ## ##
     ##       #### ##     ## ######## ########  ##     ##  ######  ########

You're about to initialize a Firebase project in this directory:

  C:\Users\Mark\Documents\Personal\app

[info] 
=== Project Setup
[info] 
[info] First, let's associate this project directory with a Firebase project.
[info] You can create multiple project aliases by running firebase use --add, 
[info] but for now we'll just set up a default project.
[info] 
[debug] [2024-09-28T19:02:54.557Z] Checked if tokens are valid: true, expires at: 1727553704692
[debug] [2024-09-28T19:02:54.558Z] Checked if tokens are valid: true, expires at: 1727553704692
[debug] [2024-09-28T19:02:54.559Z] >>> [apiv2][query] GET https://firebase.googleapis.com/v1beta1/projects pageSize=100
[debug] [2024-09-28T19:02:54.910Z] <<< [apiv2][status] GET https://firebase.googleapis.com/v1beta1/projects 200
[debug] [2024-09-28T19:02:54.910Z] <<< [apiv2][body] GET https://firebase.googleapis.com/v1beta1/projects [omitted]
[info] i  Using project pitt-drip (Pitt Drip) 
[info] 
=== Functions Setup
[debug] [2024-09-28T19:02:56.139Z] > command requires scopes: ["email","openid","https://www.googleapis.com/auth/cloudplatformprojects.readonly","https://www.googleapis.com/auth/firebase","https://www.googleapis.com/auth/cloud-platform"]
[debug] [2024-09-28T19:02:56.139Z] > authorizing via signed-in user (bosco.markie@gmail.com)
[debug] [2024-09-28T19:02:56.139Z] [iam] checking project pitt-drip for permissions ["firebase.projects.get"]
[debug] [2024-09-28T19:02:56.139Z] Checked if tokens are valid: true, expires at: 1727553704692
[debug] [2024-09-28T19:02:56.139Z] Checked if tokens are valid: true, expires at: 1727553704692
[debug] [2024-09-28T19:02:56.139Z] >>> [apiv2][query] POST https://cloudresourcemanager.googleapis.com/v1/projects/pitt-drip:testIamPermissions [none]
[debug] [2024-09-28T19:02:56.139Z] >>> [apiv2][(partial)header] POST https://cloudresourcemanager.googleapis.com/v1/projects/pitt-drip:testIamPermissions x-goog-quota-user=projects/pitt-drip
[debug] [2024-09-28T19:02:56.139Z] >>> [apiv2][body] POST https://cloudresourcemanager.googleapis.com/v1/projects/pitt-drip:testIamPermissions {"permissions":["firebase.projects.get"]}
[debug] [2024-09-28T19:02:56.681Z] <<< [apiv2][status] POST https://cloudresourcemanager.googleapis.com/v1/projects/pitt-drip:testIamPermissions 200
[debug] [2024-09-28T19:02:56.681Z] <<< [apiv2][body] POST https://cloudresourcemanager.googleapis.com/v1/projects/pitt-drip:testIamPermissions {"permissions":["firebase.projects.get"]}
[debug] [2024-09-28T19:02:56.681Z] Checked if tokens are valid: true, expires at: 1727553704692
[debug] [2024-09-28T19:02:56.681Z] Checked if tokens are valid: true, expires at: 1727553704692
[debug] [2024-09-28T19:02:56.681Z] Checked if tokens are valid: true, expires at: 1727553704692
[debug] [2024-09-28T19:02:56.681Z] Checked if tokens are valid: true, expires at: 1727553704692
[debug] [2024-09-28T19:02:56.682Z] >>> [apiv2][query] GET https://serviceusage.googleapis.com/v1/projects/pitt-drip/services/cloudfunctions.googleapis.com [none]
[debug] [2024-09-28T19:02:56.682Z] >>> [apiv2][(partial)header] GET https://serviceusage.googleapis.com/v1/projects/pitt-drip/services/cloudfunctions.googleapis.com x-goog-quota-user=projects/pitt-drip
[debug] [2024-09-28T19:02:56.682Z] >>> [apiv2][query] GET https://serviceusage.googleapis.com/v1/projects/pitt-drip/services/runtimeconfig.googleapis.com [none]
[debug] [2024-09-28T19:02:56.682Z] >>> [apiv2][(partial)header] GET https://serviceusage.googleapis.com/v1/projects/pitt-drip/services/runtimeconfig.googleapis.com x-goog-quota-user=projects/pitt-drip
[debug] [2024-09-28T19:02:57.329Z] <<< [apiv2][status] GET https://serviceusage.googleapis.com/v1/projects/pitt-drip/services/runtimeconfig.googleapis.com 200
[debug] [2024-09-28T19:02:57.329Z] <<< [apiv2][body] GET https://serviceusage.googleapis.com/v1/projects/pitt-drip/services/runtimeconfig.googleapis.com [omitted]
[debug] [2024-09-28T19:02:57.386Z] <<< [apiv2][status] GET https://serviceusage.googleapis.com/v1/projects/pitt-drip/services/cloudfunctions.googleapis.com 200
[debug] [2024-09-28T19:02:57.386Z] <<< [apiv2][body] GET https://serviceusage.googleapis.com/v1/projects/pitt-drip/services/cloudfunctions.googleapis.com [omitted]
[info] Let's create a new codebase for your functions.
[info] A directory corresponding to the codebase will be created in your project
[info] with sample code pre-configured.

[info] See https://firebase.google.com/docs/functions/organize-functions for
[info] more information on organizing your functions using codebases.

[info] Functions can be deployed with firebase deploy.

[info] +  Wrote functions/requirements.txt 
[info] +  Wrote functions/.gitignore 
[info] +  Wrote functions/main.py 
[debug] [2024-09-28T19:03:13.708Z] Running command with virtualenv: command="C:\Users\Mark\Documents\Personal\app\functions\venv\Scripts\activate.bat", args=["","&&","pip3","install","--upgrade","pip"]
[debug] [2024-09-28T19:03:14.977Z] Error: spawn "C:\Users\Mark\Documents\Personal\app\functions\venv\Scripts\activate.bat" ENOENT
    at notFoundError (C:\Users\Mark\AppData\Roaming\npm\node_modules\firebase-tools\node_modules\cross-spawn\lib\enoent.js:6:26)
    at verifyENOENT (C:\Users\Mark\AppData\Roaming\npm\node_modules\firebase-tools\node_modules\cross-spawn\lib\enoent.js:40:16)
    at cp.emit (C:\Users\Mark\AppData\Roaming\npm\node_modules\firebase-tools\node_modules\cross-spawn\lib\enoent.js:27:25)
    at ChildProcess._handle.onexit (node:internal/child_process:294:12)
[error] 
[error] Error: An unexpected error has occurred.
